<?xml version="1.0" encoding="UTF-8"?>
<testng-results skipped="0" failed="0" total="2" passed="2">
  <reporter-output>
  </reporter-output>
  <suite name="Suite" duration-ms="45028" started-at="2016-04-12T17:46:15Z" finished-at="2016-04-12T17:47:00Z">
    <groups>
    </groups>
    <test name="Test" duration-ms="45028" started-at="2016-04-12T17:46:15Z" finished-at="2016-04-12T17:47:00Z">
      <class name="jenkins.JenkinsDemo1">
        <test-method status="PASS" signature="runJenkins()[pri:0, instance:jenkins.JenkinsDemo1@591f989e]" name="runJenkins" duration-ms="15524" started-at="2016-04-12T23:16:45Z" finished-at="2016-04-12T23:17:00Z">
          <reporter-output>
          </reporter-output>
        </test-method> <!-- runJenkins -->
      </class> <!-- jenkins.JenkinsDemo1 -->
      <class name="jenkins.JenkinsDemo">
        <test-method status="PASS" signature="runJenkins()[pri:0, instance:jenkins.JenkinsDemo@5474c6c]" name="runJenkins" duration-ms="29464" started-at="2016-04-12T23:16:15Z" finished-at="2016-04-12T23:16:45Z">
          <reporter-output>
          </reporter-output>
        </test-method> <!-- runJenkins -->
      </class> <!-- jenkins.JenkinsDemo -->
    </test> <!-- Test -->
  </suite> <!-- Suite -->
</testng-results>
